#
# A fatal error has been detected by the Java Runtime Environment:
#
#  EXCEPTION_ACCESS_VIOLATION (0xc0000005) at pc=0x60170eab, pid=1528, tid=0x00002534
#
# JRE version: Java(TM) SE Runtime Environment (8.0_172-b11) (build 1.8.0_172-b11)
# Java VM: Java HotSpot(TM) Client VM (25.172-b11 mixed mode windows-x86 )
# Problematic frame:
# C  [glass.dll+0x20eab]
#
# Failed to write core dump. Minidumps are not enabled by default on client versions of Windows
#
# If you would like to submit a bug report, please visit:
#   http://bugreport.java.com/bugreport/crash.jsp
#

---------------  T H R E A D  ---------------

Current thread (0x0316d800):  VMThread [stack: 0x05340000,0x05390000] [id=9524]

siginfo: ExceptionCode=0xc0000005, reading address 0x00000000

Registers:
EAX=0x00000000, EBX=0x179ff015, ECX=0x00000000, EDX=0x51365c44
ESP=0x0538f520, EBP=0x0538f53c, ESI=0x16b44048, EDI=0x013cbe9c
EIP=0x60170eab, EFLAGS=0x00010246

Top of Stack: (sp=0x0538f520)
0x0538f520:   00000000 16b44048 ac7a1681 60170e70
0x0538f530:   0538f570 6016fd10 00000000 0538f57c
0x0538f540:   76951f93 12a70569 00000002 00000000
0x0538f550:   00000003 0538f5d4 00000000 013cbeac
0x0538f560:   013cbe98 013cbe98 00000000 12a70569
0x0538f570:   0538f5a0 7698af28 00000000 0538f5b0
0x0538f580:   76951c0a 12a705a5 00000002 00000000
0x0538f590:   00000003 00000000 0538f584 0538ef34 

Instructions: (pc=0x60170eab)
0x60170e8b:   45 f4 64 a3 00 00 00 00 8b 35 0c 02 18 60 c7 45
0x60170e9b:   fc 00 00 00 00 85 f6 74 0e e8 07 9b ff ff 56 50
0x60170eab:   8b 08 8b 41 58 ff d0 8b 4d f4 64 89 0d 00 00 00
0x60170ebb:   00 59 5e 8b e5 5d c3 cc cc cc cc cc cc cc cc cc 


Register to memory mapping:

EAX=
[error occurred during error reporting (printing register info), id 0xc0000005]

Stack: [0x05340000,0x05390000],  sp=0x0538f520,  free space=317k
Native frames: (J=compiled Java code, j=interpreted, Vv=VM code, C=native code)
C  [glass.dll+0x20eab]
C  [ucrtbase.dll+0x31f93]
C  [ucrtbase.dll+0x31c0a]
C  [ucrtbase.dll+0x31bc0]
C  [glass.dll+0x1e3c2]
C  [glass.dll+0x1e8ab]
C  [glass.dll+0x1eae0]
C  [glass.dll+0x1eb73]
C  [ntdll.dll+0x6a1c6]
C  [ntdll.dll+0x3ec56]
C  [ntdll.dll+0x2fe4d]
C  [ntdll.dll+0x2fd45]
C  [KERNEL32.DLL+0x13a23]
C  [msvcr100.dll+0x27997]
C  [msvcr100.dll+0x27ab0]
C  [msvcr100.dll+0x27b1d]
V  [jvm.dll+0x15aa72]
V  [jvm.dll+0x184b1d]
V  [jvm.dll+0x183f81]
V  [jvm.dll+0x184397]
V  [jvm.dll+0x184592]
V  [jvm.dll+0x1c5416]
C  [msvcr100.dll+0x5c556]
C  [msvcr100.dll+0x5c600]
C  [KERNEL32.DLL+0x18484]
C  [ntdll.dll+0x62fea]
C  [ntdll.dll+0x62fba]

VM_Operation (0x16f8d060): Exit, mode: safepoint, requested by thread 0x15a2f400


---------------  P R O C E S S  ---------------

Java Threads: ( => current thread )
  0x16dd2800 JavaThread "Prism Font Disposer" daemon [_thread_blocked, id=19032, stack(0x1a400000,0x1a450000)]
  0x16b4d400 JavaThread "Thread-3" daemon [_thread_in_native, id=15608, stack(0x189a0000,0x189f0000)]
  0x15a4b400 JavaThread "JavaFX-Launcher" [_thread_blocked, id=10592, stack(0x18a30000,0x18a80000)]
  0x15a2f400 JavaThread "JavaFX Application Thread" [_thread_blocked, id=3340, stack(0x16f40000,0x16f90000)]
  0x15a56800 JavaThread "Thread-1" daemon [_thread_blocked, id=11096, stack(0x16090000,0x160e0000)]
  0x15a1c800 JavaThread "QuantumRenderer-0" daemon [_thread_blocked, id=7720, stack(0x15f40000,0x15f90000)]
  0x15897000 JavaThread "Service Thread" daemon [_thread_blocked, id=9812, stack(0x15e20000,0x15e70000)]
  0x1589ac00 JavaThread "C1 CompilerThread0" daemon [_thread_blocked, id=11364, stack(0x15d90000,0x15de0000)]
  0x15899c00 JavaThread "Attach Listener" daemon [_thread_blocked, id=8084, stack(0x15d00000,0x15d50000)]
  0x15897c00 JavaThread "Signal Dispatcher" daemon [_thread_blocked, id=4828, stack(0x15c70000,0x15cc0000)]
  0x1587a800 JavaThread "Finalizer" daemon [_thread_blocked, id=17256, stack(0x15af0000,0x15b40000)]
  0x15864c00 JavaThread "Reference Handler" daemon [_thread_blocked, id=12224, stack(0x15a60000,0x15ab0000)]
  0x031ed400 JavaThread "main" [_thread_blocked, id=18516, stack(0x02ff0000,0x03040000)]

Other Threads:
=>0x0316d800 VMThread [stack: 0x05340000,0x05390000] [id=9524]

VM state:at safepoint (shutting down)

VM Mutex/Monitor currently owned by a thread:  ([mutex/lock_event])
[0x031ebcc8] Threads_lock - owner thread: 0x0316d800

Heap:
 def new generation   total 9984K, used 3507K [0x05400000, 0x05ed0000, 0x0a950000)
  eden space 8896K,  39% used [0x05400000, 0x0576cca8, 0x05cb0000)
  from space 1088K,   0% used [0x05cb0000, 0x05cb0000, 0x05dc0000)
  to   space 1088K,   0% used [0x05dc0000, 0x05dc0000, 0x05ed0000)
 tenured generation   total 22112K, used 13264K [0x0a950000, 0x0bee8000, 0x15400000)
   the space 22112K,  59% used [0x0a950000, 0x0b644390, 0x0b644400, 0x0bee8000)
 Metaspace       used 13779K, capacity 14581K, committed 14592K, reserved 14720K

Card table byte_map: [0x05270000,0x05300000] byte_map_base: 0x05246000

Polling page: 0x01810000

CodeCache: size=32768Kb used=2359Kb max_used=2359Kb free=30408Kb
 bounds [0x031f0000, 0x03440000, 0x051f0000]
 total_blobs=1611 nmethods=1176 adapters=364
 compilation: enabled

Compilation events (10 events):
Event: 5.389 Thread 0x1589ac00 1191             com.sun.prism.impl.BaseTexture::getPhysicalWidth (5 bytes)
Event: 5.389 Thread 0x1589ac00 nmethod 1191 0x0343d6c8 code [0x0343d7c0, 0x0343d840]
Event: 5.389 Thread 0x1589ac00 1192             com.sun.prism.impl.ps.BaseShaderContext$State::access$1100 (5 bytes)
Event: 5.389 Thread 0x1589ac00 nmethod 1192 0x0343d888 code [0x0343d980, 0x0343d9f0]
Event: 5.408 Thread 0x1589ac00 1193             javafx.event.Event::isConsumed (5 bytes)
Event: 5.408 Thread 0x1589ac00 nmethod 1193 0x0343da88 code [0x0343db80, 0x0343dc00]
Event: 5.433 Thread 0x1589ac00 1195             java.lang.reflect.Modifier::isProtected (12 bytes)
Event: 5.434 Thread 0x1589ac00 nmethod 1195 0x0343df08 code [0x0343e000, 0x0343e080]
Event: 5.434 Thread 0x1589ac00 1196             java.lang.invoke.MethodHandles$Lookup::lookupClass (5 bytes)
Event: 5.434 Thread 0x1589ac00 nmethod 1196 0x0343e0c8 code [0x0343e1c0, 0x0343e240]

GC Heap History (10 events):
Event: 3.747 GC heap before
{Heap before GC invocations=10 (full 1):
 def new generation   total 5568K, used 4992K [0x05400000, 0x05a00000, 0x0a950000)
  eden space 4992K, 100% used [0x05400000, 0x058e0000, 0x058e0000)
  from space 576K,   0% used [0x058e0000, 0x058e0000, 0x05970000)
  to   space 576K,   0% used [0x05970000, 0x05970000, 0x05a00000)
 tenured generation   total 12192K, used 7314K [0x0a950000, 0x0b538000, 0x15400000)
   the space 12192K,  59% used [0x0a950000, 0x0b074bb0, 0x0b074c00, 0x0b538000)
 Metaspace       used 12759K, capacity 13428K, committed 13440K, reserved 13696K
Event: 3.750 GC heap after
Heap after GC invocations=11 (full 1):
 def new generation   total 5568K, used 422K [0x05400000, 0x05a00000, 0x0a950000)
  eden space 4992K,   0% used [0x05400000, 0x05400000, 0x058e0000)
  from space 576K,  73% used [0x05970000, 0x059d9948, 0x05a00000)
  to   space 576K,   0% used [0x058e0000, 0x058e0000, 0x05970000)
 tenured generation   total 12192K, used 7314K [0x0a950000, 0x0b538000, 0x15400000)
   the space 12192K,  59% used [0x0a950000, 0x0b074bb0, 0x0b074c00, 0x0b538000)
 Metaspace       used 12759K, capacity 13428K, committed 13440K, reserved 13696K
}
Event: 3.865 GC heap before
{Heap before GC invocations=11 (full 1):
 def new generation   total 5568K, used 5414K [0x05400000, 0x05a00000, 0x0a950000)
  eden space 4992K, 100% used [0x05400000, 0x058e0000, 0x058e0000)
  from space 576K,  73% used [0x05970000, 0x059d9948, 0x05a00000)
  to   space 576K,   0% used [0x058e0000, 0x058e0000, 0x05970000)
 tenured generation   total 12192K, used 7314K [0x0a950000, 0x0b538000, 0x15400000)
   the space 12192K,  59% used [0x0a950000, 0x0b074bb0, 0x0b074c00, 0x0b538000)
 Metaspace       used 12855K, capacity 13534K, committed 13568K, reserved 13696K
Event: 3.872 GC heap after
Heap after GC invocations=12 (full 1):
 def new generation   total 5568K, used 575K [0x05400000, 0x05a00000, 0x0a950000)
  eden space 4992K,   0% used [0x05400000, 0x05400000, 0x058e0000)
  from space 576K,  99% used [0x058e0000, 0x0596fff8, 0x05970000)
  to   space 576K,   0% used [0x05970000, 0x05970000, 0x05a00000)
 tenured generation   total 12192K, used 8700K [0x0a950000, 0x0b538000, 0x15400000)
   the space 12192K,  71% used [0x0a950000, 0x0b1cf1e0, 0x0b1cf200, 0x0b538000)
 Metaspace       used 12855K, capacity 13534K, committed 13568K, reserved 13696K
}
Event: 3.976 GC heap before
{Heap before GC invocations=12 (full 1):
 def new generation   total 5568K, used 5567K [0x05400000, 0x05a00000, 0x0a950000)
  eden space 4992K, 100% used [0x05400000, 0x058e0000, 0x058e0000)
  from space 576K,  99% used [0x058e0000, 0x0596fff8, 0x05970000)
  to   space 576K,   0% used [0x05970000, 0x05970000, 0x05a00000)
 tenured generation   total 12192K, used 8700K [0x0a950000, 0x0b538000, 0x15400000)
   the space 12192K,  71% used [0x0a950000, 0x0b1cf1e0, 0x0b1cf200, 0x0b538000)
 Metaspace       used 12944K, capacity 13650K, committed 13696K, reserved 13696K
Event: 3.983 GC heap after
Heap after GC invocations=13 (full 1):
 def new generation   total 5568K, used 576K [0x05400000, 0x05a00000, 0x0a950000)
  eden space 4992K,   0% used [0x05400000, 0x05400000, 0x058e0000)
  from space 576K, 100% used [0x05970000, 0x05a00000, 0x05a00000)
  to   space 576K,   0% used [0x058e0000, 0x058e0000, 0x05970000)
 tenured generation   total 12192K, used 9898K [0x0a950000, 0x0b538000, 0x15400000)
   the space 12192K,  81% used [0x0a950000, 0x0b2fabf0, 0x0b2fac00, 0x0b538000)
 Metaspace       used 12944K, capacity 13650K, committed 13696K, reserved 13696K
}
Event: 4.046 GC heap before
{Heap before GC invocations=13 (full 1):
 def new generation   total 5568K, used 5568K [0x05400000, 0x05a00000, 0x0a950000)
  eden space 4992K, 100% used [0x05400000, 0x058e0000, 0x058e0000)
  from space 576K, 100% used [0x05970000, 0x05a00000, 0x05a00000)
  to   space 576K,   0% used [0x058e0000, 0x058e0000, 0x05970000)
 tenured generation   total 12192K, used 9898K [0x0a950000, 0x0b538000, 0x15400000)
   the space 12192K,  81% used [0x0a950000, 0x0b2fabf0, 0x0b2fac00, 0x0b538000)
 Metaspace       used 13134K, capacity 13893K, committed 13952K, reserved 14720K
Event: 4.051 GC heap after
Heap after GC invocations=14 (full 1):
 def new generation   total 5568K, used 523K [0x05400000, 0x05a00000, 0x0a950000)
  eden space 4992K,   0% used [0x05400000, 0x05400000, 0x058e0000)
  from space 576K,  90% used [0x058e0000, 0x05962d00, 0x05970000)
  to   space 576K,   0% used [0x05970000, 0x05970000, 0x05a00000)
 tenured generation   total 12192K, used 10472K [0x0a950000, 0x0b538000, 0x15400000)
   the space 12192K,  85% used [0x0a950000, 0x0b38a388, 0x0b38a400, 0x0b538000)
 Metaspace       used 13134K, capacity 13893K, committed 13952K, reserved 14720K
}
Event: 4.140 GC heap before
{Heap before GC invocations=14 (full 1):
 def new generation   total 5568K, used 4871K [0x05400000, 0x05a00000, 0x0a950000)
  eden space 4992K,  87% used [0x05400000, 0x0583f298, 0x058e0000)
  from space 576K,  90% used [0x058e0000, 0x05962d00, 0x05970000)
  to   space 576K,   0% used [0x05970000, 0x05970000, 0x05a00000)
 tenured generation   total 12192K, used 10472K [0x0a950000, 0x0b538000, 0x15400000)
   the space 12192K,  85% used [0x0a950000, 0x0b38a388, 0x0b38a400, 0x0b538000)
 Metaspace       used 13489K, capacity 14293K, committed 14336K, reserved 14720K
Event: 4.188 GC heap after
Heap after GC invocations=15 (full 2):
 def new generation   total 9984K, used 0K [0x05400000, 0x05ed0000, 0x0a950000)
  eden space 8896K,   0% used [0x05400000, 0x05400000, 0x05cb0000)
  from space 1088K,   0% used [0x05cb0000, 0x05cb0000, 0x05dc0000)
  to   space 1088K,   0% used [0x05dc0000, 0x05dc0000, 0x05ed0000)
 tenured generation   total 22112K, used 13264K [0x0a950000, 0x0bee8000, 0x15400000)
   the space 22112K,  59% used [0x0a950000, 0x0b644390, 0x0b644400, 0x0bee8000)
 Metaspace       used 13489K, capacity 14293K, committed 14336K, reserved 14720K
}

Deoptimization events (0 events):
No events

Classes redefined (0 events):
No events

Internal exceptions (10 events):
Event: 2.606 Thread 0x15a2f400 Exception <a 'java/lang/ArrayIndexOutOfBoundsException': 18> (0x05696d08) thrown at [C:\re\workspace\8-2-build-windows-i586-cygwin\jdk8u172\10810\hotspot\src\share\vm\interpreter\interpreterRuntime.cpp, line 366]
Event: 2.607 Thread 0x15a2f400 Exception <a 'java/lang/ArrayIndexOutOfBoundsException': 86> (0x05697e70) thrown at [C:\re\workspace\8-2-build-windows-i586-cygwin\jdk8u172\10810\hotspot\src\share\vm\interpreter\interpreterRuntime.cpp, line 366]
Event: 2.992 Thread 0x15a2f400 Exception <a 'java/lang/ArrayIndexOutOfBoundsException'> (0x054beda8) thrown at [C:\re\workspace\8-2-build-windows-i586-cygwin\jdk8u172\10810\hotspot\src\share\vm\runtime\sharedRuntime.cpp, line 605]
Event: 2.992 Thread 0x15a2f400 Exception <a 'java/lang/ArrayIndexOutOfBoundsException'> (0x054bfbf8) thrown at [C:\re\workspace\8-2-build-windows-i586-cygwin\jdk8u172\10810\hotspot\src\share\vm\runtime\sharedRuntime.cpp, line 605]
Event: 2.992 Thread 0x15a2f400 Exception <a 'java/lang/ArrayIndexOutOfBoundsException'> (0x054c11a0) thrown at [C:\re\workspace\8-2-build-windows-i586-cygwin\jdk8u172\10810\hotspot\src\share\vm\runtime\sharedRuntime.cpp, line 605]
Event: 3.566 Thread 0x15a2f400 Exception <a 'java/io/FileNotFoundException'> (0x057d6c70) thrown at [C:\re\workspace\8-2-build-windows-i586-cygwin\jdk8u172\10810\hotspot\src\share\vm\prims\jni.cpp, line 709]
Event: 3.567 Thread 0x15a2f400 Exception <a 'java/io/FileNotFoundException'> (0x057d7ea0) thrown at [C:\re\workspace\8-2-build-windows-i586-cygwin\jdk8u172\10810\hotspot\src\share\vm\prims\jni.cpp, line 709]
Event: 3.567 Thread 0x15a2f400 Exception <a 'java/io/FileNotFoundException'> (0x057f8e88) thrown at [C:\re\workspace\8-2-build-windows-i586-cygwin\jdk8u172\10810\hotspot\src\share\vm\prims\jni.cpp, line 709]
Event: 3.567 Thread 0x15a2f400 Exception <a 'java/io/FileNotFoundException'> (0x057fa010) thrown at [C:\re\workspace\8-2-build-windows-i586-cygwin\jdk8u172\10810\hotspot\src\share\vm\prims\jni.cpp, line 709]
Event: 5.434 Thread 0x16dd0c00 Exception <a 'java/lang/IllegalStateException'> (0x0575c480) thrown at [C:\re\workspace\8-2-build-windows-i586-cygwin\jdk8u172\10810\hotspot\src\share\vm\prims\jvm.cpp, line 1439]

Events (10 events):
Event: 5.433 Thread 0x16dd0c00 Thread added: 0x16dd0c00
Event: 5.433 loading class com/sun/javafx/font/PrismFontFile
Event: 5.433 loading class com/sun/javafx/font/PrismFontFile done
Event: 5.433 loading class com/sun/javafx/tk/quantum/QuantumRenderer
Event: 5.434 loading class com/sun/javafx/tk/quantum/QuantumRenderer done
Event: 5.434 loading class com/sun/javafx/tk/quantum/QuantumToolkit
Event: 5.434 loading class com/sun/javafx/tk/quantum/QuantumToolkit done
Event: 5.434 Thread 0x16dd0c00 Thread exited: 0x16dd0c00
Event: 5.435 Thread 0x16dd1800 Thread exited: 0x16dd1800
Event: 5.435 Executing VM operation: Exit


Dynamic libraries:
0x012f0000 - 0x01323000 	C:\Program Files (x86)\Java\jdk1.8.0_172\jre\bin\java.exe
0x77640000 - 0x777d0000 	C:\Windows\SYSTEM32\ntdll.dll
0x76780000 - 0x76860000 	C:\Windows\System32\KERNEL32.DLL
0x74660000 - 0x74844000 	C:\Windows\System32\KERNELBASE.dll
0x6e1b0000 - 0x6e24d000 	C:\Windows\SYSTEM32\apphelp.dll
0x77440000 - 0x774b8000 	C:\Windows\System32\ADVAPI32.dll
0x77380000 - 0x7743f000 	C:\Windows\System32\msvcrt.dll
0x74aa0000 - 0x74ae4000 	C:\Windows\System32\sechost.dll
0x76860000 - 0x76920000 	C:\Windows\System32\RPCRT4.dll
0x73f00000 - 0x73f20000 	C:\Windows\System32\SspiCli.dll
0x73ef0000 - 0x73efa000 	C:\Windows\System32\CRYPTBASE.dll
0x748b0000 - 0x74908000 	C:\Windows\System32\bcryptPrimitives.dll
0x74910000 - 0x74a9d000 	C:\Windows\System32\USER32.dll
0x77070000 - 0x77087000 	C:\Windows\System32\win32u.dll
0x77210000 - 0x77232000 	C:\Windows\System32\GDI32.dll
0x770a0000 - 0x77204000 	C:\Windows\System32\gdi32full.dll
0x76ab0000 - 0x76b2d000 	C:\Windows\System32\msvcp_win.dll
0x76920000 - 0x76a3e000 	C:\Windows\System32\ucrtbase.dll
0x6fa60000 - 0x6fc64000 	C:\Windows\WinSxS\x86_microsoft.windows.common-controls_6595b64144ccf1df_6.0.17134.228_none_42f2d07044deda9a\COMCTL32.dll
0x750a0000 - 0x752fc000 	C:\Windows\System32\combase.dll
0x74870000 - 0x74896000 	C:\Windows\System32\IMM32.DLL
0x52650000 - 0x5270f000 	C:\Program Files (x86)\Java\jdk1.8.0_172\jre\bin\msvcr100.dll
0x51060000 - 0x51433000 	C:\Program Files (x86)\Java\jdk1.8.0_172\jre\bin\client\jvm.dll
0x77090000 - 0x77096000 	C:\Windows\System32\PSAPI.DLL
0x6bde0000 - 0x6bde8000 	C:\Windows\SYSTEM32\WSOCK32.dll
0x69660000 - 0x69684000 	C:\Windows\SYSTEM32\WINMM.dll
0x76b30000 - 0x76b97000 	C:\Windows\System32\WS2_32.dll
0x690f0000 - 0x69113000 	C:\Windows\SYSTEM32\winmmbase.dll
0x73ea0000 - 0x73ea8000 	C:\Windows\SYSTEM32\VERSION.dll
0x74c90000 - 0x74cc9000 	C:\Windows\System32\cfgmgr32.dll
0x69150000 - 0x6915c000 	C:\Program Files (x86)\Java\jdk1.8.0_172\jre\bin\verify.dll
0x67910000 - 0x67932000 	C:\Program Files (x86)\Java\jdk1.8.0_172\jre\bin\java.dll
0x5d450000 - 0x5d464000 	C:\Program Files (x86)\Java\jdk1.8.0_172\jre\bin\zip.dll
0x75350000 - 0x7669a000 	C:\Windows\System32\SHELL32.dll
0x77290000 - 0x77318000 	C:\Windows\System32\shcore.dll
0x740a0000 - 0x7465a000 	C:\Windows\System32\windows.storage.dll
0x75300000 - 0x75345000 	C:\Windows\System32\shlwapi.dll
0x75090000 - 0x7509f000 	C:\Windows\System32\kernel.appcore.dll
0x74080000 - 0x74098000 	C:\Windows\System32\profapi.dll
0x74030000 - 0x74075000 	C:\Windows\System32\powrprof.dll
0x748a0000 - 0x748a8000 	C:\Windows\System32\FLTLIB.DLL
0x688d0000 - 0x688d3000 	C:\Program Files (x86)\Java\jdk1.8.0_172\jre\bin\api-ms-win-core-console-l1-1-0.dll
0x688c0000 - 0x688c3000 	C:\Program Files (x86)\Java\jdk1.8.0_172\jre\bin\api-ms-win-core-datetime-l1-1-0.dll
0x688b0000 - 0x688b3000 	C:\Program Files (x86)\Java\jdk1.8.0_172\jre\bin\api-ms-win-core-debug-l1-1-0.dll
0x688a0000 - 0x688a3000 	C:\Program Files (x86)\Java\jdk1.8.0_172\jre\bin\api-ms-win-core-errorhandling-l1-1-0.dll
0x678e0000 - 0x678e4000 	C:\Program Files (x86)\Java\jdk1.8.0_172\jre\bin\api-ms-win-core-file-l1-1-0.dll
0x66da0000 - 0x66da3000 	C:\Program Files (x86)\Java\jdk1.8.0_172\jre\bin\api-ms-win-core-file-l1-2-0.dll
0x62980000 - 0x62983000 	C:\Program Files (x86)\Java\jdk1.8.0_172\jre\bin\api-ms-win-core-file-l2-1-0.dll
0x62970000 - 0x62973000 	C:\Program Files (x86)\Java\jdk1.8.0_172\jre\bin\api-ms-win-core-handle-l1-1-0.dll
0x62490000 - 0x62493000 	C:\Program Files (x86)\Java\jdk1.8.0_172\jre\bin\api-ms-win-core-heap-l1-1-0.dll
0x62480000 - 0x62483000 	C:\Program Files (x86)\Java\jdk1.8.0_172\jre\bin\api-ms-win-core-interlocked-l1-1-0.dll
0x62470000 - 0x62473000 	C:\Program Files (x86)\Java\jdk1.8.0_172\jre\bin\api-ms-win-core-libraryloader-l1-1-0.dll
0x62460000 - 0x62463000 	C:\Program Files (x86)\Java\jdk1.8.0_172\jre\bin\api-ms-win-core-localization-l1-2-0.dll
0x60630000 - 0x60633000 	C:\Program Files (x86)\Java\jdk1.8.0_172\jre\bin\api-ms-win-core-memory-l1-1-0.dll
0x60620000 - 0x60623000 	C:\Program Files (x86)\Java\jdk1.8.0_172\jre\bin\api-ms-win-core-namedpipe-l1-1-0.dll
0x60610000 - 0x60613000 	C:\Program Files (x86)\Java\jdk1.8.0_172\jre\bin\api-ms-win-core-processenvironment-l1-1-0.dll
0x60600000 - 0x60603000 	C:\Program Files (x86)\Java\jdk1.8.0_172\jre\bin\api-ms-win-core-processthreads-l1-1-0.dll
0x605f0000 - 0x605f3000 	C:\Program Files (x86)\Java\jdk1.8.0_172\jre\bin\api-ms-win-core-processthreads-l1-1-1.dll
0x60510000 - 0x60513000 	C:\Program Files (x86)\Java\jdk1.8.0_172\jre\bin\api-ms-win-core-profile-l1-1-0.dll
0x60500000 - 0x60503000 	C:\Program Files (x86)\Java\jdk1.8.0_172\jre\bin\api-ms-win-core-rtlsupport-l1-1-0.dll
0x604f0000 - 0x604f3000 	C:\Program Files (x86)\Java\jdk1.8.0_172\jre\bin\api-ms-win-core-string-l1-1-0.dll
0x604e0000 - 0x604e3000 	C:\Program Files (x86)\Java\jdk1.8.0_172\jre\bin\api-ms-win-core-synch-l1-1-0.dll
0x604d0000 - 0x604d3000 	C:\Program Files (x86)\Java\jdk1.8.0_172\jre\bin\api-ms-win-core-synch-l1-2-0.dll
0x604c0000 - 0x604c3000 	C:\Program Files (x86)\Java\jdk1.8.0_172\jre\bin\api-ms-win-core-sysinfo-l1-1-0.dll
0x604b0000 - 0x604b3000 	C:\Program Files (x86)\Java\jdk1.8.0_172\jre\bin\api-ms-win-core-timezone-l1-1-0.dll
0x604a0000 - 0x604a3000 	C:\Program Files (x86)\Java\jdk1.8.0_172\jre\bin\api-ms-win-core-util-l1-1-0.dll
0x60490000 - 0x60493000 	C:\Program Files (x86)\Java\jdk1.8.0_172\jre\bin\api-ms-win-crt-conio-l1-1-0.dll
0x60480000 - 0x60484000 	C:\Program Files (x86)\Java\jdk1.8.0_172\jre\bin\api-ms-win-crt-convert-l1-1-0.dll
0x60470000 - 0x60473000 	C:\Program Files (x86)\Java\jdk1.8.0_172\jre\bin\api-ms-win-crt-environment-l1-1-0.dll
0x60460000 - 0x60463000 	C:\Program Files (x86)\Java\jdk1.8.0_172\jre\bin\api-ms-win-crt-filesystem-l1-1-0.dll
0x60450000 - 0x60453000 	C:\Program Files (x86)\Java\jdk1.8.0_172\jre\bin\api-ms-win-crt-heap-l1-1-0.dll
0x60440000 - 0x60443000 	C:\Program Files (x86)\Java\jdk1.8.0_172\jre\bin\api-ms-win-crt-locale-l1-1-0.dll
0x60430000 - 0x60435000 	C:\Program Files (x86)\Java\jdk1.8.0_172\jre\bin\api-ms-win-crt-math-l1-1-0.dll
0x60420000 - 0x60425000 	C:\Program Files (x86)\Java\jdk1.8.0_172\jre\bin\api-ms-win-crt-multibyte-l1-1-0.dll
0x60410000 - 0x60420000 	C:\Program Files (x86)\Java\jdk1.8.0_172\jre\bin\api-ms-win-crt-private-l1-1-0.dll
0x60400000 - 0x60403000 	C:\Program Files (x86)\Java\jdk1.8.0_172\jre\bin\api-ms-win-crt-process-l1-1-0.dll
0x603e0000 - 0x603e4000 	C:\Program Files (x86)\Java\jdk1.8.0_172\jre\bin\api-ms-win-crt-runtime-l1-1-0.dll
0x603d0000 - 0x603d4000 	C:\Program Files (x86)\Java\jdk1.8.0_172\jre\bin\api-ms-win-crt-stdio-l1-1-0.dll
0x603c0000 - 0x603c4000 	C:\Program Files (x86)\Java\jdk1.8.0_172\jre\bin\api-ms-win-crt-string-l1-1-0.dll
0x603b0000 - 0x603b3000 	C:\Program Files (x86)\Java\jdk1.8.0_172\jre\bin\api-ms-win-crt-time-l1-1-0.dll
0x603a0000 - 0x603a3000 	C:\Program Files (x86)\Java\jdk1.8.0_172\jre\bin\api-ms-win-crt-utility-l1-1-0.dll
0x60280000 - 0x60398000 	C:\Program Files (x86)\Java\jdk1.8.0_172\jre\bin\ucrtbase.dll
0x60260000 - 0x60274000 	C:\Program Files (x86)\Java\jdk1.8.0_172\jre\bin\vcruntime140.dll
0x601f0000 - 0x6025c000 	C:\Program Files (x86)\Java\jdk1.8.0_172\jre\bin\msvcp140.dll
0x601b0000 - 0x601eb000 	C:\Program Files (x86)\Java\jdk1.8.0_172\jre\bin\concrt140.dll
0x60190000 - 0x601af000 	C:\Program Files (x86)\Java\jdk1.8.0_172\jre\bin\prism_d3d.dll
0x53590000 - 0x536ff000 	C:\Windows\system32\d3d9.dll
0x70600000 - 0x70623000 	C:\Windows\SYSTEM32\dwmapi.dll
0x6dc20000 - 0x6dc9c000 	C:\Windows\system32\uxtheme.dll
0x60150000 - 0x60188000 	C:\Program Files (x86)\Java\jdk1.8.0_172\jre\bin\glass.dll
0x766a0000 - 0x76776000 	C:\Windows\System32\COMDLG32.dll
0x74e40000 - 0x74f3c000 	C:\Windows\System32\ole32.dll
0x73f90000 - 0x74026000 	C:\Windows\System32\OLEAUT32.dll
0x74f40000 - 0x75084000 	C:\Windows\System32\MSCTF.dll
0x60140000 - 0x60150000 	C:\Program Files (x86)\Java\jdk1.8.0_172\jre\bin\javafx_font.dll
0x63cf0000 - 0x63f78000 	C:\Windows\SYSTEM32\dwrite.dll
0x71ac0000 - 0x71ad3000 	C:\Windows\SYSTEM32\CRYPTSP.dll
0x71a90000 - 0x71abf000 	C:\Windows\system32\rsaenh.dll
0x738d0000 - 0x738e9000 	C:\Windows\SYSTEM32\bcrypt.dll
0x73eb0000 - 0x73ed1000 	C:\Windows\SYSTEM32\USERENV.dll
0x52ea0000 - 0x52eb5000 	C:\Program Files (x86)\Java\jdk1.8.0_172\jre\bin\net.dll
0x715a0000 - 0x715f6000 	C:\Windows\system32\mswsock.dll
0x73a60000 - 0x73a90000 	C:\Windows\SYSTEM32\IPHLPAPI.DLL
0x76aa0000 - 0x76aa7000 	C:\Windows\System32\NSI.dll
0x6ffa0000 - 0x6ffb3000 	C:\Windows\SYSTEM32\dhcpcsvc6.DLL
0x6ff00000 - 0x6ff14000 	C:\Windows\SYSTEM32\dhcpcsvc.DLL
0x5d690000 - 0x5d69f000 	C:\Program Files (x86)\Java\jdk1.8.0_172\jre\bin\nio.dll
0x704a0000 - 0x7052e000 	C:\Windows\SYSTEM32\DNSAPI.dll
0x70120000 - 0x70141000 	C:\Program Files (x86)\Bonjour\mdnsNSP.dll
0x70030000 - 0x70038000 	C:\Windows\System32\rasadhlp.dll
0x6f3a0000 - 0x6f3ef000 	C:\Windows\System32\fwpuclnt.dll
0x774c0000 - 0x77543000 	C:\Windows\System32\clbcatq.dll
0x67bc0000 - 0x67d31000 	C:\Windows\SYSTEM32\WindowsCodecs.dll
0x689a0000 - 0x689ef000 	C:\Windows\system32\dataexchange.dll
0x67d40000 - 0x67e7c000 	C:\Windows\system32\dcomp.dll
0x680e0000 - 0x68332000 	C:\Windows\system32\d3d11.dll
0x68040000 - 0x680d8000 	C:\Windows\system32\dxgi.dll
0x67ea0000 - 0x68005000 	C:\Windows\system32\twinapi.appcore.dll
0x67e80000 - 0x67e9a000 	C:\Windows\system32\RMCLIENT.dll
0x60110000 - 0x60135000 	C:\Program Files (x86)\Common Files\Microsoft Shared\Ink\rtscom.dll
0x6d300000 - 0x6d37d000 	C:\Windows\System32\TextInputFramework.dll
0x6d010000 - 0x6d09b000 	C:\Windows\System32\CoreMessaging.dll
0x6d0a0000 - 0x6d2fd000 	C:\Windows\System32\CoreUIComponents.dll
0x73410000 - 0x73439000 	C:\Windows\SYSTEM32\ntmarta.dll
0x6e470000 - 0x6e546000 	C:\Windows\SYSTEM32\wintypes.dll
0x1b4c0000 - 0x1b4c7000 	C:\Program Files (x86)\Internet Download Manager\idmmkb.dll
0x60100000 - 0x6010f000 	C:\Program Files (x86)\Java\jdk1.8.0_172\jre\bin\prism_common.dll
0x65a50000 - 0x65f64000 	C:\Windows\SYSTEM32\d2d1.dll

VM Arguments:
jvm_args: -Dfile.encoding=UTF-8 
java_command: C:\Users\Padovano\Documents\NetBeansProjects\gestion stock\dist\run1507651843\gestion stock.jar
java_class_path (initial): C:\Users\Padovano\Documents\NetBeansProjects\gestion stock\dist\run1507651843\gestion stock.jar
Launcher Type: SUN_STANDARD

Environment Variables:
PATH=C:\Program Files (x86)\Common Files\Oracle\Java\javapath;C:\ProgramData\Oracle\Java\javapath;C:\Windows\system32;C:\Windows;C:\Windows\System32\Wbem;C:\Windows\System32\WindowsPowerShell\v1.0\;C:\Windows\System32\OpenSSH\;c:\Program Files (x86)\Microsoft SQL Server\110\Tools\Binn\ManagementStudio\;c:\Program Files (x86)\Microsoft SQL Server\110\Tools\Binn\;c:\Program Files\Microsoft SQL Server\110\Tools\Binn\;c:\Program Files (x86)\Microsoft SQL Server\110\DTS\Binn\;C:\Program Files\dotnet\;C:\Program Files\Microsoft SQL Server\130\Tools\Binn\;C:\wamp64\bin\php\php5.6.25;C:\ProgramData\ComposerSetup\bin;C:\Users\Padovano\AppData\Local\Microsoft\WindowsApps;C:\Users\Padovano\AppData\Roaming\Composer\vendor\bin
USERNAME=Padovano
OS=Windows_NT
PROCESSOR_IDENTIFIER=Intel64 Family 6 Model 58 Stepping 9, GenuineIntel



---------------  S Y S T E M  ---------------

OS: Windows 10.0 , 64 bit Build 17134 (10.0.17134.1)

CPU:total 4 (initial active 4) (2 cores per cpu, 2 threads per core) family 6 model 58 stepping 9, cmov, cx8, fxsr, mmx, sse, sse2, sse3, ssse3, sse4.1, sse4.2, popcnt, avx, aes, clmul, erms, ht, tsc, tscinvbit, tscinv

Memory: 4k page, physical 8026660k(2956160k free), swap 11434532k(3901400k free)

vm_info: Java HotSpot(TM) Client VM (25.172-b11) for windows-x86 JRE (1.8.0_172-b11), built on Mar 28 2018 20:19:55 by "java_re" with MS VC++ 10.0 (VS2010)

time: Sun Oct 14 16:46:27 2018
elapsed time: 5 seconds (0d 0h 0m 5s)

