#
# A fatal error has been detected by the Java Runtime Environment:
#
#  EXCEPTION_ACCESS_VIOLATION (0xc0000005) at pc=0x60170eab, pid=16560, tid=0x00000548
#
# JRE version: Java(TM) SE Runtime Environment (8.0_172-b11) (build 1.8.0_172-b11)
# Java VM: Java HotSpot(TM) Client VM (25.172-b11 mixed mode, sharing windows-x86 )
# Problematic frame:
# C  [glass.dll+0x20eab]
#
# Failed to write core dump. Minidumps are not enabled by default on client versions of Windows
#
# If you would like to submit a bug report, please visit:
#   http://bugreport.java.com/bugreport/crash.jsp
#

---------------  T H R E A D  ---------------

Current thread (0x00fa3c00):  VMThread [stack: 0x01230000,0x01280000] [id=1352]

siginfo: ExceptionCode=0xc0000005, reading address 0x00000000

Registers:
EAX=0x00000000, EBX=0xfd90f7bc, ECX=0x00000000, EDX=0x51365c44
ESP=0x0127f860, EBP=0x0127f87c, ESI=0x15eed5f4, EDI=0x0082b49c
EIP=0x60170eab, EFLAGS=0x00010246

Top of Stack: (sp=0x0127f860)
0x0127f860:   00000000 15eed5f4 6e2ce672 60170e70
0x0127f870:   0127f8b0 6016fd10 00000000 0127f8bc
0x0127f880:   76951f93 fcb70f00 00000002 00000000
0x0127f890:   00000003 0127f914 00000000 0082b4ac
0x0127f8a0:   0082b498 0082b498 00000000 fcb70f00
0x0127f8b0:   0127f8e0 7698af28 00000000 0127f8f0
0x0127f8c0:   76951c0a fcb70f4c 00000002 00000000
0x0127f8d0:   00000003 00000000 0127f8c4 0127f274 

Instructions: (pc=0x60170eab)
0x60170e8b:   45 f4 64 a3 00 00 00 00 8b 35 0c 02 18 60 c7 45
0x60170e9b:   fc 00 00 00 00 85 f6 74 0e e8 07 9b ff ff 56 50
0x60170eab:   8b 08 8b 41 58 ff d0 8b 4d f4 64 89 0d 00 00 00
0x60170ebb:   00 59 5e 8b e5 5d c3 cc cc cc cc cc cc cc cc cc 


Register to memory mapping:

EAX=
[error occurred during error reporting (printing register info), id 0xc0000005]

Stack: [0x01230000,0x01280000],  sp=0x0127f860,  free space=318k
Native frames: (J=compiled Java code, j=interpreted, Vv=VM code, C=native code)
C  [glass.dll+0x20eab]
C  [ucrtbase.dll+0x31f93]
C  [ucrtbase.dll+0x31c0a]
C  [ucrtbase.dll+0x31bc0]
C  [glass.dll+0x1e3c2]
C  [glass.dll+0x1e8ab]
C  [glass.dll+0x1eae0]
C  [glass.dll+0x1eb73]
C  [ntdll.dll+0x6a1c6]
C  [ntdll.dll+0x3ec56]
C  [ntdll.dll+0x2fe4d]
C  [ntdll.dll+0x2fd45]
C  [KERNEL32.DLL+0x13a23]
C  [msvcr100.dll+0x27997]
C  [msvcr100.dll+0x27ab0]
C  [msvcr100.dll+0x27b1d]
V  [jvm.dll+0x15aa72]
V  [jvm.dll+0x184b1d]
V  [jvm.dll+0x183f81]
V  [jvm.dll+0x184397]
V  [jvm.dll+0x184592]
V  [jvm.dll+0x1c5416]
C  [msvcr100.dll+0x5c556]
C  [msvcr100.dll+0x5c600]
C  [KERNEL32.DLL+0x18484]
C  [ntdll.dll+0x62fea]
C  [ntdll.dll+0x62fba]

VM_Operation (0x1608ce90): Exit, mode: safepoint, requested by thread 0x15ebdc00


---------------  P R O C E S S  ---------------

Java Threads: ( => current thread )
  0x188a0000 JavaThread "Prism Font Disposer" daemon [_thread_blocked, id=14700, stack(0x1a1e0000,0x1a230000)]
  0x15ef1000 JavaThread "Thread-3" daemon [_thread_in_native, id=2964, stack(0x185c0000,0x18610000)]
  0x15edbc00 JavaThread "JavaFX-Launcher" [_thread_blocked, id=7068, stack(0x18650000,0x186a0000)]
  0x15ebdc00 JavaThread "JavaFX Application Thread" [_thread_blocked, id=4156, stack(0x16040000,0x16090000)]
  0x15ebd400 JavaThread "Thread-1" daemon [_thread_blocked, id=904, stack(0x15fb0000,0x16000000)]
  0x15e5d400 JavaThread "QuantumRenderer-0" daemon [_thread_blocked, id=8100, stack(0x156d0000,0x15720000)]
  0x01032800 JavaThread "Service Thread" daemon [_thread_blocked, id=6536, stack(0x14b30000,0x14b80000)]
  0x01011400 JavaThread "C1 CompilerThread0" daemon [_thread_blocked, id=12800, stack(0x14aa0000,0x14af0000)]
  0x01010400 JavaThread "Attach Listener" daemon [_thread_blocked, id=9428, stack(0x14a10000,0x14a60000)]
  0x0100e400 JavaThread "Signal Dispatcher" daemon [_thread_blocked, id=11492, stack(0x14980000,0x149d0000)]
  0x01005400 JavaThread "Finalizer" daemon [_thread_blocked, id=11408, stack(0x14800000,0x14850000)]
  0x00fa6800 JavaThread "Reference Handler" daemon [_thread_blocked, id=4420, stack(0x04740000,0x04790000)]
  0x00a3d400 JavaThread "main" [_thread_blocked, id=13708, stack(0x00f30000,0x00f80000)]

Other Threads:
=>0x00fa3c00 VMThread [stack: 0x01230000,0x01280000] [id=1352]

VM state:at safepoint (shutting down)

VM Mutex/Monitor currently owned by a thread:  ([mutex/lock_event])
[0x00a3bcc8] Threads_lock - owner thread: 0x00fa3c00

Heap:
 def new generation   total 8640K, used 1372K [0x04800000, 0x05160000, 0x09d50000)
  eden space 7680K,  17% used [0x04800000, 0x049573b0, 0x04f80000)
  from space 960K,   0% used [0x04f80000, 0x04f80000, 0x05070000)
  to   space 960K,   0% used [0x05070000, 0x05070000, 0x05160000)
 tenured generation   total 19088K, used 11452K [0x09d50000, 0x0aff4000, 0x14800000)
   the space 19088K,  59% used [0x09d50000, 0x0a87f1b0, 0x0a87f200, 0x0aff4000)
 Metaspace       used 9384K, capacity 10776K, committed 10880K, reserved 11648K

Card table byte_map: [0x01100000,0x01190000] byte_map_base: 0x010dc000

Polling page: 0x007b0000

CodeCache: size=32768Kb used=1971Kb max_used=1971Kb free=30796Kb
 bounds [0x02740000, 0x02930000, 0x04740000]
 total_blobs=1335 nmethods=908 adapters=356
 compilation: enabled

Compilation events (10 events):
Event: 12.363 Thread 0x01011400  916             java.lang.Float::floatToIntBits (26 bytes)
Event: 12.363 Thread 0x01011400 nmethod 916 0x0292c248 code [0x0292c340, 0x0292c3e0]
Event: 12.376 Thread 0x01011400  917             javafx.scene.Node::impl_markDirty (27 bytes)
Event: 12.376 Thread 0x01011400 nmethod 917 0x0292c448 code [0x0292c570, 0x0292c6d4]
Event: 12.376 Thread 0x01011400  918             com.sun.prism.impl.ps.BaseShaderContext$State::access$1100 (5 bytes)
Event: 12.376 Thread 0x01011400 nmethod 918 0x0292c888 code [0x0292c980, 0x0292c9f0]
Event: 12.377 Thread 0x01011400  919             com.sun.prism.d3d.D3DResource$D3DRecord::getContext (5 bytes)
Event: 12.377 Thread 0x01011400 nmethod 919 0x0292ca88 code [0x0292cb80, 0x0292cc00]
Event: 12.419 Thread 0x01011400  920             java.lang.invoke.MethodType::toMethodDescriptorString (21 bytes)
Event: 12.420 Thread 0x01011400 nmethod 920 0x0292cc48 code [0x0292cd80, 0x0292cfb0]

GC Heap History (10 events):
Event: 3.645 GC heap before
{Heap before GC invocations=8 (full 0):
 def new generation   total 4928K, used 4928K [0x04800000, 0x04d50000, 0x09d50000)
  eden space 4416K, 100% used [0x04800000, 0x04c50000, 0x04c50000)
  from space 512K, 100% used [0x04c50000, 0x04cd0000, 0x04cd0000)
  to   space 512K,   0% used [0x04cd0000, 0x04cd0000, 0x04d50000)
 tenured generation   total 10944K, used 6264K [0x09d50000, 0x0a800000, 0x14800000)
   the space 10944K,  57% used [0x09d50000, 0x0a36e078, 0x0a36e200, 0x0a800000)
 Metaspace       used 8062K, capacity 9297K, committed 9344K, reserved 9600K
Event: 3.648 GC heap after
Heap after GC invocations=9 (full 0):
 def new generation   total 4928K, used 511K [0x04800000, 0x04d50000, 0x09d50000)
  eden space 4416K,   0% used [0x04800000, 0x04800000, 0x04c50000)
  from space 512K,  99% used [0x04cd0000, 0x04d4fe78, 0x04d50000)
  to   space 512K,   0% used [0x04c50000, 0x04c50000, 0x04cd0000)
 tenured generation   total 10944K, used 6734K [0x09d50000, 0x0a800000, 0x14800000)
   the space 10944K,  61% used [0x09d50000, 0x0a3e3b28, 0x0a3e3c00, 0x0a800000)
 Metaspace       used 8062K, capacity 9297K, committed 9344K, reserved 9600K
}
Event: 3.734 GC heap before
{Heap before GC invocations=9 (full 0):
 def new generation   total 4928K, used 4927K [0x04800000, 0x04d50000, 0x09d50000)
  eden space 4416K, 100% used [0x04800000, 0x04c50000, 0x04c50000)
  from space 512K,  99% used [0x04cd0000, 0x04d4fe78, 0x04d50000)
  to   space 512K,   0% used [0x04c50000, 0x04c50000, 0x04cd0000)
 tenured generation   total 10944K, used 6734K [0x09d50000, 0x0a800000, 0x14800000)
   the space 10944K,  61% used [0x09d50000, 0x0a3e3b28, 0x0a3e3c00, 0x0a800000)
 Metaspace       used 8351K, capacity 9573K, committed 9600K, reserved 9600K
Event: 3.738 GC heap after
Heap after GC invocations=10 (full 0):
 def new generation   total 4928K, used 494K [0x04800000, 0x04d50000, 0x09d50000)
  eden space 4416K,   0% used [0x04800000, 0x04800000, 0x04c50000)
  from space 512K,  96% used [0x04c50000, 0x04ccb848, 0x04cd0000)
  to   space 512K,   0% used [0x04cd0000, 0x04cd0000, 0x04d50000)
 tenured generation   total 10944K, used 7206K [0x09d50000, 0x0a800000, 0x14800000)
   the space 10944K,  65% used [0x09d50000, 0x0a459b58, 0x0a459c00, 0x0a800000)
 Metaspace       used 8351K, capacity 9573K, committed 9600K, reserved 9600K
}
Event: 3.819 GC heap before
{Heap before GC invocations=10 (full 0):
 def new generation   total 4928K, used 4910K [0x04800000, 0x04d50000, 0x09d50000)
  eden space 4416K, 100% used [0x04800000, 0x04c50000, 0x04c50000)
  from space 512K,  96% used [0x04c50000, 0x04ccb848, 0x04cd0000)
  to   space 512K,   0% used [0x04cd0000, 0x04cd0000, 0x04d50000)
 tenured generation   total 10944K, used 7206K [0x09d50000, 0x0a800000, 0x14800000)
   the space 10944K,  65% used [0x09d50000, 0x0a459b58, 0x0a459c00, 0x0a800000)
 Metaspace       used 8748K, capacity 10083K, committed 10112K, reserved 10624K
Event: 3.822 GC heap after
Heap after GC invocations=11 (full 0):
 def new generation   total 4928K, used 407K [0x04800000, 0x04d50000, 0x09d50000)
  eden space 4416K,   0% used [0x04800000, 0x04800000, 0x04c50000)
  from space 512K,  79% used [0x04cd0000, 0x04d35eb8, 0x04d50000)
  to   space 512K,   0% used [0x04c50000, 0x04c50000, 0x04cd0000)
 tenured generation   total 10944K, used 7648K [0x09d50000, 0x0a800000, 0x14800000)
   the space 10944K,  69% used [0x09d50000, 0x0a4c82e0, 0x0a4c8400, 0x0a800000)
 Metaspace       used 8748K, capacity 10083K, committed 10112K, reserved 10624K
}
Event: 3.916 GC heap before
{Heap before GC invocations=11 (full 0):
 def new generation   total 4928K, used 2894K [0x04800000, 0x04d50000, 0x09d50000)
  eden space 4416K,  56% used [0x04800000, 0x04a6dd10, 0x04c50000)
  from space 512K,  79% used [0x04cd0000, 0x04d35eb8, 0x04d50000)
  to   space 512K,   0% used [0x04c50000, 0x04c50000, 0x04cd0000)
 tenured generation   total 10944K, used 7648K [0x09d50000, 0x0a800000, 0x14800000)
   the space 10944K,  69% used [0x09d50000, 0x0a4c82e0, 0x0a4c8400, 0x0a800000)
 Metaspace       used 9155K, capacity 10483K, committed 10496K, reserved 10624K
Event: 3.921 GC heap after
Heap after GC invocations=12 (full 0):
 def new generation   total 4928K, used 341K [0x04800000, 0x04d50000, 0x09d50000)
  eden space 4416K,   0% used [0x04800000, 0x04800000, 0x04c50000)
  from space 512K,  66% used [0x04c50000, 0x04ca57e8, 0x04cd0000)
  to   space 512K,   0% used [0x04cd0000, 0x04cd0000, 0x04d50000)
 tenured generation   total 10944K, used 7991K [0x09d50000, 0x0a800000, 0x14800000)
   the space 10944K,  73% used [0x09d50000, 0x0a51dee8, 0x0a51e000, 0x0a800000)
 Metaspace       used 9155K, capacity 10483K, committed 10496K, reserved 10624K
}
Event: 8.367 GC heap before
{Heap before GC invocations=12 (full 0):
 def new generation   total 4928K, used 4757K [0x04800000, 0x04d50000, 0x09d50000)
  eden space 4416K, 100% used [0x04800000, 0x04c50000, 0x04c50000)
  from space 512K,  66% used [0x04c50000, 0x04ca57e8, 0x04cd0000)
  to   space 512K,   0% used [0x04cd0000, 0x04cd0000, 0x04d50000)
 tenured generation   total 10944K, used 7991K [0x09d50000, 0x0a800000, 0x14800000)
   the space 10944K,  73% used [0x09d50000, 0x0a51dee8, 0x0a51e000, 0x0a800000)
 Metaspace       used 9281K, capacity 10628K, committed 10752K, reserved 11648K
Event: 8.422 GC heap after
Heap after GC invocations=13 (full 1):
 def new generation   total 8640K, used 0K [0x04800000, 0x05160000, 0x09d50000)
  eden space 7680K,   0% used [0x04800000, 0x04800000, 0x04f80000)
  from space 960K,   0% used [0x04f80000, 0x04f80000, 0x05070000)
  to   space 960K,   0% used [0x05070000, 0x05070000, 0x05160000)
 tenured generation   total 19088K, used 11452K [0x09d50000, 0x0aff4000, 0x14800000)
   the space 19088K,  59% used [0x09d50000, 0x0a87f1b0, 0x0a87f200, 0x0aff4000)
 Metaspace       used 9281K, capacity 10628K, committed 10752K, reserved 11648K
}

Deoptimization events (0 events):
No events

Classes redefined (0 events):
No events

Internal exceptions (10 events):
Event: 2.483 Thread 0x15ebdc00 Exception <a 'java/lang/NullPointerException'> (0x04a6b700) thrown at [C:\re\workspace\8-2-build-windows-i586-cygwin\jdk8u172\10810\hotspot\src\share\vm\interpreter\linkResolver.cpp, line 1185]
Event: 2.483 Thread 0x15ebdc00 Exception <a 'java/lang/NullPointerException'> (0x04a6b700) thrown at [C:\re\workspace\8-2-build-windows-i586-cygwin\jdk8u172\10810\hotspot\src\share\vm\prims\jvm.cpp, line 1439]
Event: 2.608 Thread 0x15ebdc00 Exception <a 'java/lang/ArrayIndexOutOfBoundsException': 58> (0x04a8d878) thrown at [C:\re\workspace\8-2-build-windows-i586-cygwin\jdk8u172\10810\hotspot\src\share\vm\interpreter\interpreterRuntime.cpp, line 366]
Event: 2.608 Thread 0x15ebdc00 Exception <a 'java/lang/ArrayIndexOutOfBoundsException': 18> (0x04a8e228) thrown at [C:\re\workspace\8-2-build-windows-i586-cygwin\jdk8u172\10810\hotspot\src\share\vm\interpreter\interpreterRuntime.cpp, line 366]
Event: 2.608 Thread 0x15ebdc00 Exception <a 'java/lang/ArrayIndexOutOfBoundsException'> (0x04a8f390) thrown at [C:\re\workspace\8-2-build-windows-i586-cygwin\jdk8u172\10810\hotspot\src\share\vm\runtime\sharedRuntime.cpp, line 605]
Event: 3.503 Thread 0x15ebdc00 Exception <a 'java/io/FileNotFoundException'> (0x04b68b00) thrown at [C:\re\workspace\8-2-build-windows-i586-cygwin\jdk8u172\10810\hotspot\src\share\vm\prims\jni.cpp, line 709]
Event: 3.503 Thread 0x15ebdc00 Exception <a 'java/io/FileNotFoundException'> (0x04b85510) thrown at [C:\re\workspace\8-2-build-windows-i586-cygwin\jdk8u172\10810\hotspot\src\share\vm\prims\jni.cpp, line 709]
Event: 3.504 Thread 0x15ebdc00 Exception <a 'java/io/FileNotFoundException'> (0x04b8ad40) thrown at [C:\re\workspace\8-2-build-windows-i586-cygwin\jdk8u172\10810\hotspot\src\share\vm\prims\jni.cpp, line 709]
Event: 3.504 Thread 0x15ebdc00 Exception <a 'java/io/FileNotFoundException'> (0x04b8bec8) thrown at [C:\re\workspace\8-2-build-windows-i586-cygwin\jdk8u172\10810\hotspot\src\share\vm\prims\jni.cpp, line 709]
Event: 12.420 Thread 0x1c1e9400 Exception <a 'java/lang/IllegalStateException'> (0x04949c30) thrown at [C:\re\workspace\8-2-build-windows-i586-cygwin\jdk8u172\10810\hotspot\src\share\vm\prims\jvm.cpp, line 1439]

Events (10 events):
Event: 12.419 Thread 0x1c1e9400 Thread added: 0x1c1e9400
Event: 12.419 loading class com/sun/javafx/font/PrismFontFile
Event: 12.419 loading class com/sun/javafx/font/PrismFontFile done
Event: 12.419 loading class com/sun/javafx/tk/quantum/QuantumRenderer
Event: 12.419 loading class com/sun/javafx/tk/quantum/QuantumRenderer done
Event: 12.420 loading class com/sun/javafx/tk/quantum/QuantumToolkit
Event: 12.420 loading class com/sun/javafx/tk/quantum/QuantumToolkit done
Event: 12.420 Thread 0x1c1e9400 Thread exited: 0x1c1e9400
Event: 12.421 Thread 0x1c1e7000 Thread exited: 0x1c1e7000
Event: 12.421 Executing VM operation: Exit


Dynamic libraries:
0x012f0000 - 0x01323000 	C:\Program Files (x86)\Java\jdk1.8.0_172\jre\bin\java.exe
0x77640000 - 0x777d0000 	C:\Windows\SYSTEM32\ntdll.dll
0x76780000 - 0x76860000 	C:\Windows\System32\KERNEL32.DLL
0x74660000 - 0x74844000 	C:\Windows\System32\KERNELBASE.dll
0x6e1b0000 - 0x6e24d000 	C:\Windows\SYSTEM32\apphelp.dll
0x77440000 - 0x774b8000 	C:\Windows\System32\ADVAPI32.dll
0x77380000 - 0x7743f000 	C:\Windows\System32\msvcrt.dll
0x74aa0000 - 0x74ae4000 	C:\Windows\System32\sechost.dll
0x76860000 - 0x76920000 	C:\Windows\System32\RPCRT4.dll
0x73f00000 - 0x73f20000 	C:\Windows\System32\SspiCli.dll
0x73ef0000 - 0x73efa000 	C:\Windows\System32\CRYPTBASE.dll
0x748b0000 - 0x74908000 	C:\Windows\System32\bcryptPrimitives.dll
0x74910000 - 0x74a9d000 	C:\Windows\System32\USER32.dll
0x77070000 - 0x77087000 	C:\Windows\System32\win32u.dll
0x77210000 - 0x77232000 	C:\Windows\System32\GDI32.dll
0x770a0000 - 0x77204000 	C:\Windows\System32\gdi32full.dll
0x76ab0000 - 0x76b2d000 	C:\Windows\System32\msvcp_win.dll
0x76920000 - 0x76a3e000 	C:\Windows\System32\ucrtbase.dll
0x6fa60000 - 0x6fc64000 	C:\Windows\WinSxS\x86_microsoft.windows.common-controls_6595b64144ccf1df_6.0.17134.228_none_42f2d07044deda9a\COMCTL32.dll
0x750a0000 - 0x752fc000 	C:\Windows\System32\combase.dll
0x74870000 - 0x74896000 	C:\Windows\System32\IMM32.DLL
0x52650000 - 0x5270f000 	C:\Program Files (x86)\Java\jdk1.8.0_172\jre\bin\msvcr100.dll
0x51060000 - 0x51433000 	C:\Program Files (x86)\Java\jdk1.8.0_172\jre\bin\client\jvm.dll
0x77090000 - 0x77096000 	C:\Windows\System32\PSAPI.DLL
0x69660000 - 0x69684000 	C:\Windows\SYSTEM32\WINMM.dll
0x73ea0000 - 0x73ea8000 	C:\Windows\SYSTEM32\VERSION.dll
0x6bde0000 - 0x6bde8000 	C:\Windows\SYSTEM32\WSOCK32.dll
0x690f0000 - 0x69113000 	C:\Windows\SYSTEM32\winmmbase.dll
0x76b30000 - 0x76b97000 	C:\Windows\System32\WS2_32.dll
0x74c90000 - 0x74cc9000 	C:\Windows\System32\cfgmgr32.dll
0x69150000 - 0x6915c000 	C:\Program Files (x86)\Java\jdk1.8.0_172\jre\bin\verify.dll
0x67910000 - 0x67932000 	C:\Program Files (x86)\Java\jdk1.8.0_172\jre\bin\java.dll
0x5d450000 - 0x5d464000 	C:\Program Files (x86)\Java\jdk1.8.0_172\jre\bin\zip.dll
0x75350000 - 0x7669a000 	C:\Windows\System32\SHELL32.dll
0x77290000 - 0x77318000 	C:\Windows\System32\shcore.dll
0x740a0000 - 0x7465a000 	C:\Windows\System32\windows.storage.dll
0x75300000 - 0x75345000 	C:\Windows\System32\shlwapi.dll
0x75090000 - 0x7509f000 	C:\Windows\System32\kernel.appcore.dll
0x74080000 - 0x74098000 	C:\Windows\System32\profapi.dll
0x74030000 - 0x74075000 	C:\Windows\System32\powrprof.dll
0x748a0000 - 0x748a8000 	C:\Windows\System32\FLTLIB.DLL
0x688d0000 - 0x688d3000 	C:\Program Files (x86)\Java\jdk1.8.0_172\jre\bin\api-ms-win-core-console-l1-1-0.dll
0x688c0000 - 0x688c3000 	C:\Program Files (x86)\Java\jdk1.8.0_172\jre\bin\api-ms-win-core-datetime-l1-1-0.dll
0x688b0000 - 0x688b3000 	C:\Program Files (x86)\Java\jdk1.8.0_172\jre\bin\api-ms-win-core-debug-l1-1-0.dll
0x688a0000 - 0x688a3000 	C:\Program Files (x86)\Java\jdk1.8.0_172\jre\bin\api-ms-win-core-errorhandling-l1-1-0.dll
0x678e0000 - 0x678e4000 	C:\Program Files (x86)\Java\jdk1.8.0_172\jre\bin\api-ms-win-core-file-l1-1-0.dll
0x66da0000 - 0x66da3000 	C:\Program Files (x86)\Java\jdk1.8.0_172\jre\bin\api-ms-win-core-file-l1-2-0.dll
0x62980000 - 0x62983000 	C:\Program Files (x86)\Java\jdk1.8.0_172\jre\bin\api-ms-win-core-file-l2-1-0.dll
0x62970000 - 0x62973000 	C:\Program Files (x86)\Java\jdk1.8.0_172\jre\bin\api-ms-win-core-handle-l1-1-0.dll
0x62490000 - 0x62493000 	C:\Program Files (x86)\Java\jdk1.8.0_172\jre\bin\api-ms-win-core-heap-l1-1-0.dll
0x62480000 - 0x62483000 	C:\Program Files (x86)\Java\jdk1.8.0_172\jre\bin\api-ms-win-core-interlocked-l1-1-0.dll
0x62470000 - 0x62473000 	C:\Program Files (x86)\Java\jdk1.8.0_172\jre\bin\api-ms-win-core-libraryloader-l1-1-0.dll
0x62460000 - 0x62463000 	C:\Program Files (x86)\Java\jdk1.8.0_172\jre\bin\api-ms-win-core-localization-l1-2-0.dll
0x60630000 - 0x60633000 	C:\Program Files (x86)\Java\jdk1.8.0_172\jre\bin\api-ms-win-core-memory-l1-1-0.dll
0x60620000 - 0x60623000 	C:\Program Files (x86)\Java\jdk1.8.0_172\jre\bin\api-ms-win-core-namedpipe-l1-1-0.dll
0x60610000 - 0x60613000 	C:\Program Files (x86)\Java\jdk1.8.0_172\jre\bin\api-ms-win-core-processenvironment-l1-1-0.dll
0x60600000 - 0x60603000 	C:\Program Files (x86)\Java\jdk1.8.0_172\jre\bin\api-ms-win-core-processthreads-l1-1-0.dll
0x605f0000 - 0x605f3000 	C:\Program Files (x86)\Java\jdk1.8.0_172\jre\bin\api-ms-win-core-processthreads-l1-1-1.dll
0x60510000 - 0x60513000 	C:\Program Files (x86)\Java\jdk1.8.0_172\jre\bin\api-ms-win-core-profile-l1-1-0.dll
0x60500000 - 0x60503000 	C:\Program Files (x86)\Java\jdk1.8.0_172\jre\bin\api-ms-win-core-rtlsupport-l1-1-0.dll
0x604f0000 - 0x604f3000 	C:\Program Files (x86)\Java\jdk1.8.0_172\jre\bin\api-ms-win-core-string-l1-1-0.dll
0x604e0000 - 0x604e3000 	C:\Program Files (x86)\Java\jdk1.8.0_172\jre\bin\api-ms-win-core-synch-l1-1-0.dll
0x604d0000 - 0x604d3000 	C:\Program Files (x86)\Java\jdk1.8.0_172\jre\bin\api-ms-win-core-synch-l1-2-0.dll
0x604c0000 - 0x604c3000 	C:\Program Files (x86)\Java\jdk1.8.0_172\jre\bin\api-ms-win-core-sysinfo-l1-1-0.dll
0x604b0000 - 0x604b3000 	C:\Program Files (x86)\Java\jdk1.8.0_172\jre\bin\api-ms-win-core-timezone-l1-1-0.dll
0x604a0000 - 0x604a3000 	C:\Program Files (x86)\Java\jdk1.8.0_172\jre\bin\api-ms-win-core-util-l1-1-0.dll
0x60490000 - 0x60493000 	C:\Program Files (x86)\Java\jdk1.8.0_172\jre\bin\api-ms-win-crt-conio-l1-1-0.dll
0x60480000 - 0x60484000 	C:\Program Files (x86)\Java\jdk1.8.0_172\jre\bin\api-ms-win-crt-convert-l1-1-0.dll
0x60470000 - 0x60473000 	C:\Program Files (x86)\Java\jdk1.8.0_172\jre\bin\api-ms-win-crt-environment-l1-1-0.dll
0x60460000 - 0x60463000 	C:\Program Files (x86)\Java\jdk1.8.0_172\jre\bin\api-ms-win-crt-filesystem-l1-1-0.dll
0x60450000 - 0x60453000 	C:\Program Files (x86)\Java\jdk1.8.0_172\jre\bin\api-ms-win-crt-heap-l1-1-0.dll
0x60440000 - 0x60443000 	C:\Program Files (x86)\Java\jdk1.8.0_172\jre\bin\api-ms-win-crt-locale-l1-1-0.dll
0x60430000 - 0x60435000 	C:\Program Files (x86)\Java\jdk1.8.0_172\jre\bin\api-ms-win-crt-math-l1-1-0.dll
0x60420000 - 0x60425000 	C:\Program Files (x86)\Java\jdk1.8.0_172\jre\bin\api-ms-win-crt-multibyte-l1-1-0.dll
0x60410000 - 0x60420000 	C:\Program Files (x86)\Java\jdk1.8.0_172\jre\bin\api-ms-win-crt-private-l1-1-0.dll
0x60400000 - 0x60403000 	C:\Program Files (x86)\Java\jdk1.8.0_172\jre\bin\api-ms-win-crt-process-l1-1-0.dll
0x603e0000 - 0x603e4000 	C:\Program Files (x86)\Java\jdk1.8.0_172\jre\bin\api-ms-win-crt-runtime-l1-1-0.dll
0x603d0000 - 0x603d4000 	C:\Program Files (x86)\Java\jdk1.8.0_172\jre\bin\api-ms-win-crt-stdio-l1-1-0.dll
0x603c0000 - 0x603c4000 	C:\Program Files (x86)\Java\jdk1.8.0_172\jre\bin\api-ms-win-crt-string-l1-1-0.dll
0x603b0000 - 0x603b3000 	C:\Program Files (x86)\Java\jdk1.8.0_172\jre\bin\api-ms-win-crt-time-l1-1-0.dll
0x603a0000 - 0x603a3000 	C:\Program Files (x86)\Java\jdk1.8.0_172\jre\bin\api-ms-win-crt-utility-l1-1-0.dll
0x60280000 - 0x60398000 	C:\Program Files (x86)\Java\jdk1.8.0_172\jre\bin\ucrtbase.dll
0x60260000 - 0x60274000 	C:\Program Files (x86)\Java\jdk1.8.0_172\jre\bin\vcruntime140.dll
0x601f0000 - 0x6025c000 	C:\Program Files (x86)\Java\jdk1.8.0_172\jre\bin\msvcp140.dll
0x601b0000 - 0x601eb000 	C:\Program Files (x86)\Java\jdk1.8.0_172\jre\bin\concrt140.dll
0x60190000 - 0x601af000 	C:\Program Files (x86)\Java\jdk1.8.0_172\jre\bin\prism_d3d.dll
0x53590000 - 0x536ff000 	C:\Windows\system32\d3d9.dll
0x70600000 - 0x70623000 	C:\Windows\SYSTEM32\dwmapi.dll
0x6dc20000 - 0x6dc9c000 	C:\Windows\system32\uxtheme.dll
0x60150000 - 0x60188000 	C:\Program Files (x86)\Java\jdk1.8.0_172\jre\bin\glass.dll
0x766a0000 - 0x76776000 	C:\Windows\System32\COMDLG32.dll
0x74e40000 - 0x74f3c000 	C:\Windows\System32\ole32.dll
0x73f90000 - 0x74026000 	C:\Windows\System32\OLEAUT32.dll
0x74f40000 - 0x75084000 	C:\Windows\System32\MSCTF.dll
0x60140000 - 0x60150000 	C:\Program Files (x86)\Java\jdk1.8.0_172\jre\bin\javafx_font.dll
0x63cf0000 - 0x63f78000 	C:\Windows\SYSTEM32\dwrite.dll
0x71ac0000 - 0x71ad3000 	C:\Windows\SYSTEM32\CRYPTSP.dll
0x71a90000 - 0x71abf000 	C:\Windows\system32\rsaenh.dll
0x738d0000 - 0x738e9000 	C:\Windows\SYSTEM32\bcrypt.dll
0x73eb0000 - 0x73ed1000 	C:\Windows\SYSTEM32\USERENV.dll
0x52ea0000 - 0x52eb5000 	C:\Program Files (x86)\Java\jdk1.8.0_172\jre\bin\net.dll
0x715a0000 - 0x715f6000 	C:\Windows\system32\mswsock.dll
0x73a60000 - 0x73a90000 	C:\Windows\SYSTEM32\IPHLPAPI.DLL
0x76aa0000 - 0x76aa7000 	C:\Windows\System32\NSI.dll
0x6ffa0000 - 0x6ffb3000 	C:\Windows\SYSTEM32\dhcpcsvc6.DLL
0x6ff00000 - 0x6ff14000 	C:\Windows\SYSTEM32\dhcpcsvc.DLL
0x5d690000 - 0x5d69f000 	C:\Program Files (x86)\Java\jdk1.8.0_172\jre\bin\nio.dll
0x704a0000 - 0x7052e000 	C:\Windows\SYSTEM32\DNSAPI.dll
0x70120000 - 0x70141000 	C:\Program Files (x86)\Bonjour\mdnsNSP.dll
0x70030000 - 0x70038000 	C:\Windows\System32\rasadhlp.dll
0x6f3a0000 - 0x6f3ef000 	C:\Windows\System32\fwpuclnt.dll
0x774c0000 - 0x77543000 	C:\Windows\System32\clbcatq.dll
0x67bc0000 - 0x67d31000 	C:\Windows\SYSTEM32\WindowsCodecs.dll
0x689a0000 - 0x689ef000 	C:\Windows\system32\dataexchange.dll
0x67d40000 - 0x67e7c000 	C:\Windows\system32\dcomp.dll
0x680e0000 - 0x68332000 	C:\Windows\system32\d3d11.dll
0x68040000 - 0x680d8000 	C:\Windows\system32\dxgi.dll
0x67ea0000 - 0x68005000 	C:\Windows\system32\twinapi.appcore.dll
0x67e80000 - 0x67e9a000 	C:\Windows\system32\RMCLIENT.dll
0x60110000 - 0x60135000 	C:\Program Files (x86)\Common Files\Microsoft Shared\Ink\rtscom.dll
0x6d300000 - 0x6d37d000 	C:\Windows\System32\TextInputFramework.dll
0x6d0a0000 - 0x6d2fd000 	C:\Windows\System32\CoreUIComponents.dll
0x6d010000 - 0x6d09b000 	C:\Windows\System32\CoreMessaging.dll
0x73410000 - 0x73439000 	C:\Windows\SYSTEM32\ntmarta.dll
0x6e470000 - 0x6e546000 	C:\Windows\SYSTEM32\wintypes.dll
0x1a950000 - 0x1a957000 	C:\Program Files (x86)\Internet Download Manager\idmmkb.dll
0x60100000 - 0x6010f000 	C:\Program Files (x86)\Java\jdk1.8.0_172\jre\bin\prism_common.dll
0x6f420000 - 0x6f5a2000 	C:\Windows\SYSTEM32\dbghelp.dll

VM Arguments:
jvm_args: -Dfile.encoding=UTF-8 
java_command: C:\Users\Padovano\Documents\NetBeansProjects\gestion stock\dist\run1400553113\gestion stock.jar
java_class_path (initial): C:\Users\Padovano\Documents\NetBeansProjects\gestion stock\dist\run1400553113\gestion stock.jar
Launcher Type: SUN_STANDARD

Environment Variables:
PATH=C:\Program Files (x86)\Common Files\Oracle\Java\javapath;C:\ProgramData\Oracle\Java\javapath;C:\Windows\system32;C:\Windows;C:\Windows\System32\Wbem;C:\Windows\System32\WindowsPowerShell\v1.0\;C:\Windows\System32\OpenSSH\;c:\Program Files (x86)\Microsoft SQL Server\110\Tools\Binn\ManagementStudio\;c:\Program Files (x86)\Microsoft SQL Server\110\Tools\Binn\;c:\Program Files\Microsoft SQL Server\110\Tools\Binn\;c:\Program Files (x86)\Microsoft SQL Server\110\DTS\Binn\;C:\Program Files\dotnet\;C:\Program Files\Microsoft SQL Server\130\Tools\Binn\;C:\wamp64\bin\php\php5.6.25;C:\ProgramData\ComposerSetup\bin;C:\Users\Padovano\AppData\Local\Microsoft\WindowsApps;C:\Users\Padovano\AppData\Roaming\Composer\vendor\bin
USERNAME=Padovano
OS=Windows_NT
PROCESSOR_IDENTIFIER=Intel64 Family 6 Model 58 Stepping 9, GenuineIntel



---------------  S Y S T E M  ---------------

OS: Windows 10.0 , 64 bit Build 17134 (10.0.17134.1)

CPU:total 4 (initial active 4) (2 cores per cpu, 2 threads per core) family 6 model 58 stepping 9, cmov, cx8, fxsr, mmx, sse, sse2, sse3, ssse3, sse4.1, sse4.2, popcnt, avx, aes, clmul, erms, ht, tsc, tscinvbit, tscinv

Memory: 4k page, physical 8026660k(2887260k free), swap 11434532k(3922380k free)

vm_info: Java HotSpot(TM) Client VM (25.172-b11) for windows-x86 JRE (1.8.0_172-b11), built on Mar 28 2018 20:19:55 by "java_re" with MS VC++ 10.0 (VS2010)

time: Sun Oct 14 17:19:52 2018
elapsed time: 12 seconds (0d 0h 0m 12s)

